#
# There is insufficient memory for the Java Runtime Environment to continue.
# Native memory allocation (mmap) failed to map 134217728 bytes. Error detail: G1 virtual space
# Possible reasons:
#   The system is out of physical RAM or swap space
#   This process is running with CompressedOops enabled, and the Java Heap may be blocking the growth of the native heap
# Possible solutions:
#   Reduce memory load on the system
#   Increase physical memory or swap space
#   Check if swap backing store is full
#   Decrease Java heap size (-Xmx/-Xms)
#   Decrease number of Java threads
#   Decrease Java thread stack sizes (-Xss)
#   Set larger code cache with -XX:ReservedCodeCacheSize=
#   JVM is running with Unscaled Compressed Oops mode in which the Java heap is
#     placed in the first 4GB address space. The Java Heap base address is the
#     maximum limit for the native heap growth. Please use -XX:HeapBaseMinAddress
#     to set the Java Heap base and to place the Java Heap above 4GB virtual address.
# This output file may be truncated or incomplete.
#
#  Out of Memory Error (os_windows.cpp:3618), pid=18124, tid=15684
#
# JRE version:  (17.0.14+7) (build )
# Java VM: OpenJDK 64-Bit Server VM (17.0.14+7, mixed mode, sharing, tiered, compressed oops, compressed class ptrs, g1 gc, windows-amd64)
# No core dump will be written. Minidumps are not enabled by default on client versions of Windows
#

---------------  S U M M A R Y ------------

Command Line: com.google.prefab.cli.AppKt --build-system cmake --platform android --abi x86_64 --os-version 24 --stl c++_shared --ndk-version 27 --output C:\\Users\\DELL\\AppData\\Local\\Temp\\agp-prefab-staging4158160921276765956\\staged-cli-output C:\\Users\\DELL\\.gradle\\caches\\8.12\\transforms\\c7018ff52569100e09a41814798e87d0\\transformed\\jetified-react-android-0.78.0-debug\\prefab C:\\Users\\DELL\\.gradle\\caches\\8.12\\transforms\\023dbb0eb76f38af038fe321d6756fa9\\transformed\\jetified-hermes-android-0.78.0-debug\\prefab C:\\Users\\DELL\\.gradle\\caches\\8.12\\transforms\\a8b92c8222e2e1e6b43cad54fdde4c10\\transformed\\jetified-fbjni-0.7.0\\prefab

Host: Intel(R) Core(TM) i5-7300U CPU @ 2.60GHz, 4 cores, 7G,  Windows 10 , 64 bit Build 19041 (10.0.19041.5794)
Time: Wed May 14 01:45:39 2025 Pakistan Standard Time elapsed time: 0.044645 seconds (0d 0h 0m 0s)

---------------  T H R E A D  ---------------

Current thread (0x00000264efebfc20):  JavaThread "Unknown thread" [_thread_in_vm, id=15684, stack(0x000000c641600000,0x000000c641700000)]

Stack: [0x000000c641600000,0x000000c641700000]
Native frames: (J=compiled Java code, j=interpreted, Vv=VM code, C=native code)
V  [jvm.dll+0x682eb9]
V  [jvm.dll+0x8399c8]
V  [jvm.dll+0x83b473]
V  [jvm.dll+0x83bae3]
V  [jvm.dll+0x24715f]
V  [jvm.dll+0x67fc99]
V  [jvm.dll+0x674b8a]
V  [jvm.dll+0x304c06]
V  [jvm.dll+0x30c0c6]
V  [jvm.dll+0x35dc3e]
V  [jvm.dll+0x35de7d]
V  [jvm.dll+0x2dbfcc]
V  [jvm.dll+0x2dcee4]
V  [jvm.dll+0x80b8db]
V  [jvm.dll+0x36b671]
V  [jvm.dll+0x7ea2cf]
V  [jvm.dll+0x3f226f]
V  [jvm.dll+0x3f3da1]
C  [jli.dll+0x5278]
C  [ucrtbase.dll+0x21bb2]
C  [KERNEL32.DLL+0x17374]
C  [ntdll.dll+0x4cc91]


---------------  P R O C E S S  ---------------

Threads class SMR info:
_java_thread_list=0x00007ff975457f58, length=0, elements={
}

Java Threads: ( => current thread )

Other Threads:
  0x00000264eff19cf0 GCTaskThread "GC Thread#0" [stack: 0x000000c641700000,0x000000c641800000] [id=16116]
  0x00000264eff2a880 ConcurrentGCThread "G1 Main Marker" [stack: 0x000000c641800000,0x000000c641900000] [id=7208]
  0x00000264eff2b2a0 ConcurrentGCThread "G1 Conc#0" [stack: 0x000000c641900000,0x000000c641a00000] [id=9204]

[error occurred during error reporting (printing all threads), id 0xc0000005, EXCEPTION_ACCESS_VIOLATION (0xc0000005) at pc=0x00007ff974c0caf7]

VM state: not at safepoint (not fully initialized)

VM Mutex/Monitor currently owned by a thread:  ([mutex/lock_event])
[0x00000264efeba3e0] Heap_lock - owner thread: 0x00000264efebfc20

Heap address: 0x0000000081e00000, size: 2018 MB, Compressed Oops mode: 32-bit

CDS archive(s) mapped at: [0x0000000000000000-0x0000000000000000-0x0000000000000000), size 0, SharedBaseAddress: 0x0000000800000000, ArchiveRelocationMode: 1.
Narrow klass base: 0x0000000000000000, Narrow klass shift: 0, Narrow klass range: 0x0

GC Precious Log:
<Empty>

Heap:
 garbage-first heap   total 0K, used 0K [0x0000000081e00000, 0x0000000100000000)
  region size 1024K, 0 young (0K), 0 survivors (0K)

[error occurred during error reporting (printing heap information), id 0xc0000005, EXCEPTION_ACCESS_VIOLATION (0xc0000005) at pc=0x00007ff974ffc619]

GC Heap History (0 events):
No events

Dll operation events (1 events):
Event: 0.032 Loaded shared library C:\Program Files\Eclipse Adoptium\jdk-17.0.14.7-hotspot\bin\java.dll

Deoptimization events (0 events):
No events

Classes loaded (0 events):
No events

Classes unloaded (0 events):
No events

Classes redefined (0 events):
No events

Internal exceptions (0 events):
No events

VM Operations (0 events):
No events

Memory protections (0 events):
No events

Nmethod flushes (0 events):
No events

Events (0 events):
No events


Dynamic libraries:
0x00007ff608d70000 - 0x00007ff608d7e000 	C:\Program Files\Eclipse Adoptium\jdk-17.0.14.7-hotspot\bin\java.exe
0x00007ffa26430000 - 0x00007ffa26628000 	C:\Windows\SYSTEM32\ntdll.dll
0x00007ffa26320000 - 0x00007ffa263e2000 	C:\Windows\System32\KERNEL32.DLL
0x00007ffa23ee0000 - 0x00007ffa241d6000 	C:\Windows\System32\KERNELBASE.dll
0x00007ffa23cb0000 - 0x00007ffa23db0000 	C:\Windows\System32\ucrtbase.dll
0x00007ff9e2de0000 - 0x00007ff9e2df7000 	C:\Program Files\Eclipse Adoptium\jdk-17.0.14.7-hotspot\bin\jli.dll
0x00007ffa25bb0000 - 0x00007ffa25d4d000 	C:\Windows\System32\USER32.dll
0x00007ffa23b20000 - 0x00007ffa23b42000 	C:\Windows\System32\win32u.dll
0x00007ffa25e20000 - 0x00007ffa25e4b000 	C:\Windows\System32\GDI32.dll
0x00007ffa24340000 - 0x00007ffa2445a000 	C:\Windows\System32\gdi32full.dll
0x00007ffa23db0000 - 0x00007ffa23e4d000 	C:\Windows\System32\msvcp_win.dll
0x00007ffa16610000 - 0x00007ffa1662e000 	C:\Program Files\Eclipse Adoptium\jdk-17.0.14.7-hotspot\bin\VCRUNTIME140.dll
0x00007ffa0d4c0000 - 0x00007ffa0d75a000 	C:\Windows\WinSxS\amd64_microsoft.windows.common-controls_6595b64144ccf1df_6.0.19041.5794_none_60bcd33171f2783c\COMCTL32.dll
0x00007ffa258f0000 - 0x00007ffa2598e000 	C:\Windows\System32\msvcrt.dll
0x00007ffa26260000 - 0x00007ffa2628f000 	C:\Windows\System32\IMM32.DLL
0x00007ffa16600000 - 0x00007ffa1660c000 	C:\Program Files\Eclipse Adoptium\jdk-17.0.14.7-hotspot\bin\vcruntime140_1.dll
0x00007ff9e2d50000 - 0x00007ff9e2ddd000 	C:\Program Files\Eclipse Adoptium\jdk-17.0.14.7-hotspot\bin\msvcp140.dll
0x00007ff974920000 - 0x00007ff97558b000 	C:\Program Files\Eclipse Adoptium\jdk-17.0.14.7-hotspot\bin\server\jvm.dll
0x00007ffa252d0000 - 0x00007ffa2537f000 	C:\Windows\System32\ADVAPI32.dll
0x00007ffa25850000 - 0x00007ffa258ef000 	C:\Windows\System32\sechost.dll
0x00007ffa24730000 - 0x00007ffa24853000 	C:\Windows\System32\RPCRT4.dll
0x00007ffa23b50000 - 0x00007ffa23b77000 	C:\Windows\System32\bcrypt.dll
0x00007ffa25b30000 - 0x00007ffa25b9b000 	C:\Windows\System32\WS2_32.dll
0x00007ffa23930000 - 0x00007ffa2397b000 	C:\Windows\SYSTEM32\POWRPROF.dll
0x00007ffa0d1e0000 - 0x00007ffa0d207000 	C:\Windows\SYSTEM32\WINMM.dll
0x00007ffa19580000 - 0x00007ffa1958a000 	C:\Windows\SYSTEM32\VERSION.dll
0x00007ffa23910000 - 0x00007ffa23922000 	C:\Windows\SYSTEM32\UMPDC.dll
0x00007ffa222f0000 - 0x00007ffa22302000 	C:\Windows\SYSTEM32\kernel.appcore.dll
0x00007ff9e6b10000 - 0x00007ff9e6b1a000 	C:\Program Files\Eclipse Adoptium\jdk-17.0.14.7-hotspot\bin\jimage.dll
0x00007ffa216e0000 - 0x00007ffa218c4000 	C:\Windows\SYSTEM32\DBGHELP.DLL
0x00007ffa18140000 - 0x00007ffa18174000 	C:\Windows\SYSTEM32\dbgcore.DLL
0x00007ffa23e50000 - 0x00007ffa23ed2000 	C:\Windows\System32\bcryptPrimitives.dll
0x00007ff9e2d20000 - 0x00007ff9e2d45000 	C:\Program Files\Eclipse Adoptium\jdk-17.0.14.7-hotspot\bin\java.dll

dbghelp: loaded successfully - version: 4.0.5 - missing functions: none
symbol engine: initialized successfully - sym options: 0x614 - pdb path: .;C:\Program Files\Eclipse Adoptium\jdk-17.0.14.7-hotspot\bin;C:\Windows\SYSTEM32;C:\Windows\WinSxS\amd64_microsoft.windows.common-controls_6595b64144ccf1df_6.0.19041.5794_none_60bcd33171f2783c;C:\Program Files\Eclipse Adoptium\jdk-17.0.14.7-hotspot\bin\server

VM Arguments:
java_command: com.google.prefab.cli.AppKt --build-system cmake --platform android --abi x86_64 --os-version 24 --stl c++_shared --ndk-version 27 --output C:\\Users\\DELL\\AppData\\Local\\Temp\\agp-prefab-staging4158160921276765956\\staged-cli-output C:\\Users\\DELL\\.gradle\\caches\\8.12\\transforms\\c7018ff52569100e09a41814798e87d0\\transformed\\jetified-react-android-0.78.0-debug\\prefab C:\\Users\\DELL\\.gradle\\caches\\8.12\\transforms\\023dbb0eb76f38af038fe321d6756fa9\\transformed\\jetified-hermes-android-0.78.0-debug\\prefab C:\\Users\\DELL\\.gradle\\caches\\8.12\\transforms\\a8b92c8222e2e1e6b43cad54fdde4c10\\transformed\\jetified-fbjni-0.7.0\\prefab
java_class_path (initial): C:\\Users\\DELL\\.gradle\\caches\\modules-2\\files-2.1\\com.google.prefab\\cli\\2.1.0\\aa32fec809c44fa531f01dcfb739b5b3304d3050\\cli-2.1.0-all.jar
Launcher Type: SUN_STANDARD

[Global flags]
     intx CICompilerCount                          = 3                                         {product} {ergonomic}
     uint ConcGCThreads                            = 1                                         {product} {ergonomic}
     uint G1ConcRefinementThreads                  = 4                                         {product} {ergonomic}
   size_t G1HeapRegionSize                         = 1048576                                   {product} {ergonomic}
    uintx GCDrainStackTargetSize                   = 64                                        {product} {ergonomic}
   size_t InitialHeapSize                          = 134217728                                 {product} {ergonomic}
   size_t MarkStackSize                            = 4194304                                   {product} {ergonomic}
   size_t MaxHeapSize                              = 2116026368                                {product} {ergonomic}
   size_t MinHeapDeltaBytes                        = 1048576                                   {product} {ergonomic}
   size_t MinHeapSize                              = 8388608                                   {product} {ergonomic}
    uintx NonNMethodCodeHeapSize                   = 5832780                                {pd product} {ergonomic}
    uintx NonProfiledCodeHeapSize                  = 122912730                              {pd product} {ergonomic}
    uintx ProfiledCodeHeapSize                     = 122912730                              {pd product} {ergonomic}
    uintx ReservedCodeCacheSize                    = 251658240                              {pd product} {ergonomic}
     bool SegmentedCodeCache                       = true                                      {product} {ergonomic}
   size_t SoftMaxHeapSize                          = 2116026368                             {manageable} {ergonomic}
     bool UseCompressedClassPointers               = true                           {product lp64_product} {ergonomic}
     bool UseCompressedOops                        = true                           {product lp64_product} {ergonomic}
     bool UseG1GC                                  = true                                      {product} {ergonomic}
     bool UseLargePagesIndividualAllocation        = false                                  {pd product} {ergonomic}

Logging:
Log output configuration:
 #0: stdout all=warning uptime,level,tags
 #1: stderr all=off uptime,level,tags

Environment Variables:
JAVA_HOME=C:\Program Files\Eclipse Adoptium\jdk-17.0.14.7-hotspot
CLASSPATH=C:\Users\DELL\AndroidStudioProjects\MyApp\android\\gradle\wrapper\gradle-wrapper.jar
PATH=C:\Users\DELL\AndroidStudioProjects\MyApp\node_modules\.bin;C:\Users\DELL\AndroidStudioProjects\MyApp\node_modules\.bin;C:\Users\DELL\AndroidStudioProjects\node_modules\.bin;C:\Users\DELL\node_modules\.bin;C:\Users\node_modules\.bin;C:\node_modules\.bin;C:\Program Files\nodejs\node_modules\npm\node_modules\@npmcli\run-script\lib\node-gyp-bin;C:\Program Files\Eclipse Adoptium\jdk-17.0.14.7-hotspot\bin;C:\Windows\system32;C:\Windows;C:\Windows\System32\Wbem;C:\Windows\System32\WindowsPowerShell\v1.0\;C:\Windows\System32\OpenSSH\;C:\ProgramData\chocolatey\bin;C:\Program Files\nodejs\;C:\Users\DELL\AppData\Local\Android\Sdk;C:\Users\DELL\AppData\Local\Android\Sdk\platforms;C:\Users\DELL\AppData\Local\Android\Sdk\platform-tools;C:\Users\DELL\AppData\Local\Android\Sdk\build-tools;C:\Users\DELL\AppData\Local\Android\Sdk\emulator;C:\Program Files\Git\cmd;C:\Program Files\Microsoft SQL Server\150\Tools\Binn\;C:\Program Files\Microsoft SQL Server\Client SDK\ODBC\170\Tools\Binn\;C:\Gradle\gradle-8.12\bin;C:\Program Files\dotnet\;C:\Program Files\Microsoft SQL Server\120\DTS\Binn\;C:\Program Files\Microsoft SQL Server\Client SDK\ODBC\110\Tools\Binn\;C:\Program Files (x86)\Microsoft SQL Server\120\Tools\Binn\;C:\Program Files\Microsoft SQL Server\120\Tools\Binn\;C:\Program Files (x86)\Microsoft SQL Server\120\Tools\Binn\ManagementStudio\;C:\Program Files (x86)\Microsoft SQL Server\120\DTS\Binn\;C:\Users\DELL\scoop\shims;C:\Users\DELL\AppData\Local\Microsoft\WindowsApps;C:\Users\DELL\AppData\Roaming\npm;C:\Users\DELL\AppData\Local\Android\Sdk\platform-tools;C:\Users\DELL\AppData\Local\Android\Sdk\emulator;C:\Users\DELL\AppData\Local\Android\Sdk\build-tools;C:\Users\DELL\AppData\Local\Android\Sdk\platforms;C:\Users\DELL\AppData\Local\Android\Sdk;C:\Program Files\Eclipse Adoptium\jdk-17.0.14.7-hotspot\bin;D:\Microsoft VS Code\bin;C:\Users\DELL\.dotnet\tools
USERNAME=BismaSahr
OS=Windows_NT
PROCESSOR_IDENTIFIER=Intel64 Family 6 Model 142 Stepping 9, GenuineIntel
TMP=C:\Users\DELL\AppData\Local\Temp
TEMP=C:\Users\DELL\AppData\Local\Temp



Periodic native trim disabled


---------------  S Y S T E M  ---------------

OS:
 Windows 10 , 64 bit Build 19041 (10.0.19041.5794)
OS uptime: 1 days 13:02 hours

CPU: total 4 (initial active 4) (2 cores per cpu, 2 threads per core) family 6 model 142 stepping 9 microcode 0xf6, cx8, cmov, fxsr, ht, mmx, 3dnowpref, sse, sse2, sse3, ssse3, sse4.1, sse4.2, popcnt, lzcnt, tsc, tscinvbit, avx, avx2, aes, erms, clmul, bmi1, bmi2, rtm, adx, fma, vzeroupper, clflush, clflushopt
Processor Information for all 4 processors :
  Max Mhz: 2712, Current Mhz: 2611, Mhz Limit: 2603

Memory: 4k page, system-wide physical 8066M (345M free)
TotalPageFile size 16258M (AvailPageFile size 52M)
current process WorkingSet (physical memory assigned to process): 10M, peak: 10M
current process commit charge ("private bytes"): 52M, peak: 179M

vm_info: OpenJDK 64-Bit Server VM (17.0.14+7) for windows-amd64 JRE (17.0.14+7), built on Jan 21 2025 23:40:15 by "admin" with MS VC++ 17.7 (VS2022)

END.
